<?xml version="1.0" encoding="UTF-8"?>
<!-- Generated by org.testng.reporters.JUnitReportReporter -->
<testsuite skipped="0" hostname="Josephs-MacBoo.local" name="com.fbistech.testcases.School_OrganizationPageTest" tests="1" failures="0" timestamp="2022-07-12T04:50:14 WAT" time="9.894" errors="0">
  <testcase name="verifyHomePageTitle" time="9.894" classname="com.fbistech.testcases.School_OrganizationPageTest"/>
  <system-out/>
</testsuite> <!-- com.fbistech.testcases.School_OrganizationPageTest -->
